\BOOKMARK [1][-]{Section.0.Introduction.1}{Introduction}{}% 1
\BOOKMARK [1][-]{Section.1.Distance-based ranking models.1}{Distance-based ranking models}{}% 2
\BOOKMARK [2][-]{Subsection.2.0.Overview.2}{Overview}{Section.1.Distance-based ranking models.1}% 3
\BOOKMARK [2][-]{Subsection.2.1.Mallows' phi model.2}{Mallows' phi model}{Section.1.Distance-based ranking models.1}% 4
\BOOKMARK [2][-]{Subsection.2.2.Phi-component model.2}{Phi-component model}{Section.1.Distance-based ranking models.1}% 5
\BOOKMARK [2][-]{Subsection.2.3.Weighted-tau model.2}{Weighted-tau model}{Section.1.Distance-based ranking models.1}% 6
\BOOKMARK [1][-]{Section.2.Weighted Kendall distance model.1}{Weighted Kendall distance model}{}% 7
\BOOKMARK [2][-]{Subsection.3.0.Weighted Kendall distance.2}{Weighted Kendall distance}{Section.2.Weighted Kendall distance model.1}% 8
\BOOKMARK [2][-]{Subsection.3.1.The normalization constant.2}{The normalization constant}{Section.2.Weighted Kendall distance model.1}% 9
\BOOKMARK [1][-]{Section.3.Extension of distance-based models.1}{Extension of distance-based models}{}% 10
\BOOKMARK [2][-]{Subsection.4.0.Finite mixture of distance-based models.2}{Finite mixture of distance-based models}{Section.3.Extension of distance-based models.1}% 11
\BOOKMARK [2][-]{Subsection.4.1.Top-q rankings.2}{Top-q rankings}{Section.3.Extension of distance-based models.1}% 12
\BOOKMARK [1][-]{Section.4.Package design and implementation.1}{Package design and implementation}{}% 13
\BOOKMARK [2][-]{Subsection.5.0.Existing software.2}{Existing software}{Section.4.Package design and implementation.1}% 14
\BOOKMARK [2][-]{Subsection.5.1.Package architecture.2}{Package architecture}{Section.4.Package design and implementation.1}% 15
\BOOKMARK [2][-]{Subsection.5.2.Estimation of weights.2}{Estimation of weights}{Section.4.Package design and implementation.1}% 16
\BOOKMARK [2][-]{Subsection.5.3.Estimation of the central ranking.2}{Estimation of the central ranking}{Section.4.Package design and implementation.1}% 17
\BOOKMARK [1][-]{Section.5.Using the rankdist package.1}{Using the rankdist package}{}% 18
\BOOKMARK [2][-]{Subsection.6.0.Preprocessing.2}{Preprocessing}{Section.5.Using the rankdist package.1}% 19
\BOOKMARK [2][-]{Subsection.6.1.Model generation.2}{Model generation}{Section.5.Using the rankdist package.1}% 20
\BOOKMARK [1][-]{Section.6.Experimental study.1}{Experimental study}{}% 21
\BOOKMARK [2][-]{Subsection.7.0.Modeling ranking probability.2}{Modeling ranking probability}{Section.6.Experimental study.1}% 22
\BOOKMARK [3][-]{Subsubsection.7.1.0.Data set and methodology.3}{Data set and methodology}{Subsection.7.0.Modeling ranking probability.2}% 23
\BOOKMARK [3][-]{Subsubsection.7.1.1.Modeling for the complete rankings.3}{Modeling for the complete rankings}{Subsection.7.0.Modeling ranking probability.2}% 24
\BOOKMARK [3][-]{Subsubsection.7.1.2.Modeling for All Rankings.3}{Modeling for All Rankings}{Subsection.7.0.Modeling ranking probability.2}% 25
\BOOKMARK [2][-]{Subsection.7.1.Rank aggregation.2}{Rank aggregation}{Section.6.Experimental study.1}% 26
\BOOKMARK [1][-]{Section.7.Conclusions.1}{Conclusions}{}% 27
