\BOOKMARK [1][-]{Section.0.Introduction.1}{Introduction}{}% 1
\BOOKMARK [1][-]{Section.1.Distance-based ranking models.1}{Distance-based ranking models}{}% 2
\BOOKMARK [2][-]{Subsection.2.0.Overview.2}{Overview}{Section.1.Distance-based ranking models.1}% 3
\BOOKMARK [2][-]{Subsection.2.1.Mallows' phi model.2}{Mallows' phi model}{Section.1.Distance-based ranking models.1}% 4
\BOOKMARK [2][-]{Subsection.2.2.Phi-component model.2}{Phi-component model}{Section.1.Distance-based ranking models.1}% 5
\BOOKMARK [2][-]{Subsection.2.3.Weighted-tau model.2}{Weighted-tau model}{Section.1.Distance-based ranking models.1}% 6
\BOOKMARK [1][-]{Section.2.Weighted Kendall distance model.1}{Weighted Kendall distance model}{}% 7
\BOOKMARK [2][-]{Subsection.3.0.Weighted Kendall distance.2}{Weighted Kendall distance}{Section.2.Weighted Kendall distance model.1}% 8
\BOOKMARK [2][-]{Subsection.3.1.The normalization constant.2}{The normalization constant}{Section.2.Weighted Kendall distance model.1}% 9
\BOOKMARK [2][-]{Subsection.3.2.Parameter estimation.2}{Parameter estimation}{Section.2.Weighted Kendall distance model.1}% 10
\BOOKMARK [3][-]{Subsubsection.3.3.0.Estimating central ranking pi0.3}{Estimating central ranking pi0}{Subsection.3.2.Parameter estimation.2}% 11
\BOOKMARK [3][-]{Subsubsection.3.3.1.Estimating weights w.3}{Estimating weights w}{Subsection.3.2.Parameter estimation.2}% 12
\BOOKMARK [3][-]{Subsubsection.3.3.2.Estimating central ranking pi0 and weights w jointly.3}{Estimating central ranking pi0 and weights w jointly}{Subsection.3.2.Parameter estimation.2}% 13
\BOOKMARK [1][-]{Section.3.Extension of distance-based models.1}{Extension of distance-based models}{}% 14
\BOOKMARK [2][-]{Subsection.4.0.Finite mixture of distance-based models.2}{Finite mixture of distance-based models}{Section.3.Extension of distance-based models.1}% 15
\BOOKMARK [2][-]{Subsection.4.1.Top-q rankings.2}{Top-q rankings}{Section.3.Extension of distance-based models.1}% 16
\BOOKMARK [1][-]{Section.4.Package design and implementation.1}{Package design and implementation}{}% 17
\BOOKMARK [2][-]{Subsection.5.0.Existing software.2}{Existing software}{Section.4.Package design and implementation.1}% 18
\BOOKMARK [2][-]{Subsection.5.1.Package architecture.2}{Package architecture}{Section.4.Package design and implementation.1}% 19
\BOOKMARK [2][-]{Subsection.5.2.Estimation of weights.2}{Estimation of weights}{Section.4.Package design and implementation.1}% 20
\BOOKMARK [1][-]{Section.5.Using the rankdist package.1}{Using the rankdist package}{}% 21
\BOOKMARK [2][-]{Subsection.6.0.Preprocessing.2}{Preprocessing}{Section.5.Using the rankdist package.1}% 22
\BOOKMARK [2][-]{Subsection.6.1.Model generation.2}{Model generation}{Section.5.Using the rankdist package.1}% 23
\BOOKMARK [1][-]{Section.6.Experimental study.1}{Experimental study}{}% 24
\BOOKMARK [2][-]{Subsection.7.0.Simulation study.2}{Simulation study}{Section.6.Experimental study.1}% 25
\BOOKMARK [3][-]{Subsubsection.7.1.0.Generating samples.3}{Generating samples}{Subsection.7.0.Simulation study.2}% 26
\BOOKMARK [3][-]{Subsubsection.7.1.1.Estimating pi0 with given w.3}{Estimating pi0 with given w}{Subsection.7.0.Simulation study.2}% 27
\BOOKMARK [3][-]{Subsubsection.7.1.2.Estimating w with given pi0.3}{Estimating w with given pi0}{Subsection.7.0.Simulation study.2}% 28
\BOOKMARK [3][-]{Subsubsection.7.1.3.Estimating both pi0 and w.3}{Estimating both pi0 and w}{Subsection.7.0.Simulation study.2}% 29
\BOOKMARK [2][-]{Subsection.7.1.Modeling ranking probability.2}{Modeling ranking probability}{Section.6.Experimental study.1}% 30
\BOOKMARK [3][-]{Subsubsection.7.2.0.Data set and methodology.3}{Data set and methodology}{Subsection.7.1.Modeling ranking probability.2}% 31
\BOOKMARK [3][-]{Subsubsection.7.2.1.Modeling for the complete rankings.3}{Modeling for the complete rankings}{Subsection.7.1.Modeling ranking probability.2}% 32
\BOOKMARK [3][-]{Subsubsection.7.2.2.Modeling for All Rankings.3}{Modeling for All Rankings}{Subsection.7.1.Modeling ranking probability.2}% 33
\BOOKMARK [2][-]{Subsection.7.2.Rank aggregation.2}{Rank aggregation}{Section.6.Experimental study.1}% 34
\BOOKMARK [1][-]{Section.7.Conclusions.1}{Conclusions}{}% 35
